<?xml version="1.0" encoding="utf-8"?><testsuites name="pytest tests"><testsuite name="pytest" errors="0" failures="0" skipped="0" tests="26" time="13.900" timestamp="2026-04-18T18:42:09.516011+00:00" hostname="agent-env-a41d8a02-ceec-487e-bd20-b20479a9d687"><testcase classname="backend.tests.test_hero_phonics_api.TestHealth" name="test_health_endpoint" time="0.165" /><testcase classname="backend.tests.test_hero_phonics_api.TestAuth" name="test_login_admin" time="0.382" /><testcase classname="backend.tests.test_hero_phonics_api.TestAuth" name="test_login_kid" time="0.410" /><testcase classname="backend.tests.test_hero_phonics_api.TestAuth" name="test_login_invalid_credentials" time="0.142" /><testcase classname="backend.tests.test_hero_phonics_api.TestAuth" name="test_signup_new_user" time="0.391" /><testcase classname="backend.tests.test_hero_phonics_api.TestAuth" name="test_signup_duplicate_email" time="0.108" /><testcase classname="backend.tests.test_hero_phonics_api.TestAuth" name="test_auth_me_with_token" time="0.505" /><testcase classname="backend.tests.test_hero_phonics_api.TestAuth" name="test_auth_me_without_token" time="0.112" /><testcase classname="backend.tests.test_hero_phonics_api.TestPhonics" name="test_get_phonics_returns_26_items" time="0.110" /><testcase classname="backend.tests.test_hero_phonics_api.TestPhonics" name="test_phonics_sorted_alphabetically" time="0.110" /><testcase classname="backend.tests.test_hero_phonics_api.TestWords" name="test_get_words_returns_16_items" time="0.171" /><testcase classname="backend.tests.test_hero_phonics_api.TestStories" name="test_get_stories_returns_4_items" time="0.134" /><testcase classname="backend.tests.test_hero_phonics_api.TestStories" name="test_get_single_story" time="0.239" /><testcase classname="backend.tests.test_hero_phonics_api.TestTTS" name="test_tts_requires_auth" time="0.119" /><testcase classname="backend.tests.test_hero_phonics_api.TestTTS" name="test_tts_generates_audio" time="4.373" /><testcase classname="backend.tests.test_hero_phonics_api.TestProgress" name="test_progress_requires_auth" time="0.226" /><testcase classname="backend.tests.test_hero_phonics_api.TestProgress" name="test_get_progress" time="0.462" /><testcase classname="backend.tests.test_hero_phonics_api.TestProgress" name="test_post_progress_increments_stars" time="0.715" /><testcase classname="backend.tests.test_hero_phonics_api.TestAdminCRUD" name="test_create_phonic_requires_admin" time="0.453" /><testcase classname="backend.tests.test_hero_phonics_api.TestAdminCRUD" name="test_update_phonic_requires_admin" time="0.585" /><testcase classname="backend.tests.test_hero_phonics_api.TestAdminCRUD" name="test_delete_phonic_requires_admin" time="0.581" /><testcase classname="backend.tests.test_hero_phonics_api.TestAdminCRUD" name="test_create_word_requires_admin" time="0.474" /><testcase classname="backend.tests.test_hero_phonics_api.TestAdminCRUD" name="test_create_story_requires_admin" time="0.833" /><testcase classname="backend.tests.test_hero_phonics_api.TestAdminCRUD" name="test_admin_can_create_word" time="0.581" /><testcase classname="backend.tests.test_hero_phonics_api.TestAdminCRUD" name="test_admin_can_update_word" time="0.693" /><testcase classname="backend.tests.test_hero_phonics_api.TestAdminCRUD" name="test_admin_can_delete_word" time="0.723" /></testsuite></testsuites>